<?xml version="1.0" encoding="UTF-8"?>
<testsuite name="SumCalculatorTest" tests="2" skipped="0" failures="0" errors="0" timestamp="2024-04-15T08:30:13" hostname="DAYLIGHTNB" time="0.013">
  <properties/>
  <testcase name="testThatSumWorksCorrect()" classname="SumCalculatorTest" time="0.011"/>
  <testcase name="testThatSumWorksDoesNotCorrect()" classname="SumCalculatorTest" time="0.001"/>
  <system-out><![CDATA[]]></system-out>
  <system-err><![CDATA[]]></system-err>
</testsuite>
